Your branch is up to date with 'origin/main'.
Merge made by the 'ort' strategy.
 all-protocols.json            | 1315 +++++++++++++++++++++++++++++------------
 data/news.json                |  380 ++++++------
 index.html                    |   75 ++-
 tmp/cron-edcc3eec-step-1.log  |    7 +
 tmp/cron-edcc3eec-step-10.log |    6 +
 tmp/cron-edcc3eec-step-2.log  |    7 +
 tmp/cron-edcc3eec-step-3.log  |    6 +
 tmp/cron-edcc3eec-step-4.log  |    6 +
 tmp/cron-edcc3eec-step-5.log  |    7 +
 tmp/cron-edcc3eec-step-6.log  |    6 +
 tmp/cron-edcc3eec-step-7.log  |    6 +
 tmp/cron-edcc3eec-step-8.log  |    6 +
 tmp/cron-edcc3eec-step-9.log  |    9 +
 13 files changed, 1247 insertions(+), 589 deletions(-)
 create mode 100644 tmp/cron-edcc3eec-step-1.log
 create mode 100644 tmp/cron-edcc3eec-step-10.log
 create mode 100644 tmp/cron-edcc3eec-step-2.log
 create mode 100644 tmp/cron-edcc3eec-step-3.log
 create mode 100644 tmp/cron-edcc3eec-step-4.log
 create mode 100644 tmp/cron-edcc3eec-step-5.log
 create mode 100644 tmp/cron-edcc3eec-step-6.log
 create mode 100644 tmp/cron-edcc3eec-step-7.log
 create mode 100644 tmp/cron-edcc3eec-step-8.log
 create mode 100644 tmp/cron-edcc3eec-step-9.log
Your branch is up to date with 'origin/dev'.

Switched to branch 'main'
To https://github.com/BitPickles/tev-dashboard.git
   b303ad8..87fec00  main -> main
Switched to branch 'dev'
