[dev d3f047d] chore: daily data update 2026-04-07 21:00
 Committer: AiBot <aibot@prod-m1.local>
Your name and email address were configured automatically based
on your username and hostname. Please check that they are accurate.
You can suppress this message by setting them explicitly. Run the
following command and follow the instructions in your editor to edit
your configuration file:

    git config --global --edit

After doing this, you may fix the identity used for this commit with:

    git commit --amend --reset-author

 13 files changed, 1247 insertions(+), 589 deletions(-)
 create mode 100644 tmp/cron-edcc3eec-step-1.log
 create mode 100644 tmp/cron-edcc3eec-step-10.log
 create mode 100644 tmp/cron-edcc3eec-step-2.log
 create mode 100644 tmp/cron-edcc3eec-step-3.log
 create mode 100644 tmp/cron-edcc3eec-step-4.log
 create mode 100644 tmp/cron-edcc3eec-step-5.log
 create mode 100644 tmp/cron-edcc3eec-step-6.log
 create mode 100644 tmp/cron-edcc3eec-step-7.log
 create mode 100644 tmp/cron-edcc3eec-step-8.log
 create mode 100644 tmp/cron-edcc3eec-step-9.log

To https://github.com/BitPickles/tev-dashboard.git
   8e007ef..d3f047d  dev -> dev
